<?xml version="1.0" encoding="UTF-8"?>
<!-- Generated by org.testng.reporters.JUnitReportReporter -->
<testsuite skipped="0" hostname="NeelamAnthwal" name="rentalApp.RentalApplication" tests="2" failures="0" timestamp="12 Aug 2019 11:13:01 GMT" time="59.514" errors="0">
  <testcase name="rentalApplication" time="36.705" classname="rentalApp.RentalApplication"/>
  <testcase name="newInquiry" time="22.809" classname="rentalApp.RentalApplication"/>
</testsuite> <!-- rentalApp.RentalApplication -->
