<?xml version="1.0" encoding="UTF-8"?>
<!-- Generated by org.testng.reporters.JUnitReportReporter -->
<testsuite skipped="0" hostname="NeelamAnthwal" name="rentalApp.RentalApplication" tests="2" failures="0" timestamp="11 Aug 2019 18:55:24 GMT" time="93.020" errors="0">
  <testcase name="rentalApplication" time="63.111" classname="rentalApp.RentalApplication"/>
  <testcase name="newInquiry" time="29.909" classname="rentalApp.RentalApplication"/>
</testsuite> <!-- rentalApp.RentalApplication -->
